c:\users\69494\source\repos\project5\release\cgproject.ipdb
c:\users\69494\source\repos\project5\release\cgproject.iobj
c:\users\69494\source\repos\project5\project5\release\vc142.pdb
c:\users\69494\source\repos\project5\project5\release\transform.obj
c:\users\69494\source\repos\project5\project5\release\stbimage.obj
c:\users\69494\source\repos\project5\project5\release\shader.obj
c:\users\69494\source\repos\project5\project5\release\main.obj
c:\users\69494\source\repos\project5\project5\release\inputlayout.obj
c:\users\69494\source\repos\project5\project5\release\gamescene.obj
c:\users\69494\source\repos\project5\project5\release\gameobject.obj
c:\users\69494\source\repos\project5\project5\release\effect.obj
c:\users\69494\source\repos\project5\project5\release\camera.obj
c:\users\69494\source\repos\project5\project5\release\mesh.obj
c:\users\69494\source\repos\project5\project5\release\basicscene.obj
c:\users\69494\source\repos\project5\project5\release\skybox.obj
c:\users\69494\source\repos\project5\project5\release\ship.obj
c:\users\69494\source\repos\project5\project5\release\ocean.obj
c:\users\69494\source\repos\project5\release\cgproject.exe
c:\users\69494\source\repos\project5\release\cgproject.pdb
c:\users\69494\source\repos\project5\project5\release\cgproject.tlog\cgproject.write.1u.tlog
c:\users\69494\source\repos\project5\project5\release\cgproject.tlog\cl.command.1.tlog
c:\users\69494\source\repos\project5\project5\release\cgproject.tlog\cl.read.1.tlog
c:\users\69494\source\repos\project5\project5\release\cgproject.tlog\cl.write.1.tlog
c:\users\69494\source\repos\project5\project5\release\cgproject.tlog\link.command.1.tlog
c:\users\69494\source\repos\project5\project5\release\cgproject.tlog\link.read.1.tlog
c:\users\69494\source\repos\project5\project5\release\cgproject.tlog\link.write.1.tlog
